<?xml version="1.0" encoding="UTF-8"?>
<!-- Generated by org.testng.reporters.JUnitReportReporter -->
<testsuite hostname="5CG84243S7-W10" name="com.etlehiveTest.googleHomePage.GoogleTest" tests="1" failures="0" timestamp="2 Feb 2020 04:15:16 GMT" time="19.446" errors="0">
  <testcase name="f2" time="19.446" classname="com.etlehiveTest.googleHomePage.GoogleTest"/>
</testsuite> <!-- com.etlehiveTest.googleHomePage.GoogleTest -->
