<?xml version="1.0" encoding="UTF-8"?>
<!-- Generated by org.testng.reporters.JUnitReportReporter -->
<testsuite hostname="5CG84243S7-W10" name="com.etlehiveTest.googleHomePage.AlertDemo" tests="1" failures="0" timestamp="2 Feb 2020 03:20:48 GMT" time="18.265" errors="0">
  <testcase name="f4" time="18.265" classname="com.etlehiveTest.googleHomePage.AlertDemo"/>
</testsuite> <!-- com.etlehiveTest.googleHomePage.AlertDemo -->
