<?xml version="1.0" encoding="UTF-8"?>
<!-- Generated by org.testng.reporters.JUnitReportReporter -->
<testsuite hostname="5CG84243S7-W10" name="com.etlehiveTest.googleHomePage.testclass" tests="4" failures="0" timestamp="2 Feb 2020 03:55:01 GMT" time="9.064" errors="0">
  <testcase name="selenium" time="1.939" classname="com.etlehiveTest.googleHomePage.testclass"/>
  <testcase name="testing" time="1.887" classname="com.etlehiveTest.googleHomePage.testclass"/>
  <testcase name="optional" time="3.318" classname="com.etlehiveTest.googleHomePage.testclass"/>
  <testcase name="required" time="1.920" classname="com.etlehiveTest.googleHomePage.testclass"/>
</testsuite> <!-- com.etlehiveTest.googleHomePage.testclass -->
